comport, com3, logfile, mockup.log, readinterv, 60, graphinterv, 1800, graphwidth, 80
chargername, ENC-120-12, chargermodel, 0, chargertype, 0
constcurr, 8.0, constvolt, 14.4, floatvolt, 13.8, tapercurr, 0.8, config, 1
startepoch, 0.0
time, 1970-01-01 00:00:00, epoch,          0.0, elapsed, 00:00:00, vout,  0.0, iout,  8.00, stage, 1
time, 1970-01-01 00:01:00, epoch,         60.0, elapsed, 00:01:00, vout,  3.2, iout,  8.00, stage, 1
time, 1970-01-01 00:02:00, epoch,        120.0, elapsed, 00:02:00, vout,  5.2, iout,  8.00, stage, 1
time, 1970-01-01 00:03:00, epoch,        180.0, elapsed, 00:03:00, vout,  6.7, iout,  8.00, stage, 1
time, 1970-01-01 00:04:00, epoch,        240.0, elapsed, 00:04:00, vout,  7.8, iout,  8.00, stage, 1
time, 1970-01-01 00:05:00, epoch,        300.0, elapsed, 00:05:00, vout,  8.7, iout,  8.00, stage, 1
time, 1970-01-01 00:06:00, epoch,        360.0, elapsed, 00:06:00, vout,  9.3, iout,  8.00, stage, 1
time, 1970-01-01 00:07:00, epoch,        420.0, elapsed, 00:07:00, vout,  9.9, iout,  8.00, stage, 1
time, 1970-01-01 00:08:00, epoch,        480.0, elapsed, 00:08:00, vout, 10.4, iout,  8.00, stage, 1
time, 1970-01-01 00:09:00, epoch,        540.0, elapsed, 00:09:00, vout, 10.7, iout,  8.00, stage, 1
time, 1970-01-01 00:10:00, epoch,        600.0, elapsed, 00:10:00, vout, 11.1, iout,  8.00, stage, 1
time, 1970-01-01 00:11:00, epoch,        660.0, elapsed, 00:11:00, vout, 11.4, iout,  8.00, stage, 1
time, 1970-01-01 00:12:00, epoch,        720.0, elapsed, 00:12:00, vout, 11.6, iout,  8.00, stage, 1
time, 1970-01-01 00:13:00, epoch,        780.0, elapsed, 00:13:00, vout, 11.8, iout,  8.00, stage, 1
time, 1970-01-01 00:14:00, epoch,        840.0, elapsed, 00:14:00, vout, 12.0, iout,  8.00, stage, 1
time, 1970-01-01 00:15:00, epoch,        900.0, elapsed, 00:15:00, vout, 12.2, iout,  8.00, stage, 1
time, 1970-01-01 00:16:00, epoch,        960.0, elapsed, 00:16:00, vout, 12.4, iout,  8.00, stage, 1
time, 1970-01-01 00:17:00, epoch,       1020.0, elapsed, 00:17:00, vout, 12.5, iout,  8.00, stage, 1
time, 1970-01-01 00:18:00, epoch,       1080.0, elapsed, 00:18:00, vout, 12.7, iout,  8.00, stage, 1
time, 1970-01-01 00:19:00, epoch,       1140.0, elapsed, 00:19:00, vout, 12.8, iout,  8.00, stage, 1
time, 1970-01-01 00:20:00, epoch,       1200.0, elapsed, 00:20:00, vout, 12.9, iout,  8.00, stage, 1
time, 1970-01-01 00:21:00, epoch,       1260.0, elapsed, 00:21:00, vout, 13.0, iout,  8.00, stage, 1
time, 1970-01-01 00:22:00, epoch,       1320.0, elapsed, 00:22:00, vout, 13.1, iout,  8.00, stage, 1
time, 1970-01-01 00:23:00, epoch,       1380.0, elapsed, 00:23:00, vout, 13.2, iout,  8.00, stage, 1
time, 1970-01-01 00:24:00, epoch,       1440.0, elapsed, 00:24:00, vout, 13.2, iout,  8.00, stage, 1
time, 1970-01-01 00:25:00, epoch,       1500.0, elapsed, 00:25:00, vout, 13.3, iout,  8.00, stage, 1
time, 1970-01-01 00:26:00, epoch,       1560.0, elapsed, 00:26:00, vout, 13.4, iout,  8.00, stage, 1
time, 1970-01-01 00:27:00, epoch,       1620.0, elapsed, 00:27:00, vout, 13.5, iout,  8.00, stage, 1
time, 1970-01-01 00:28:00, epoch,       1680.0, elapsed, 00:28:00, vout, 13.5, iout,  8.00, stage, 1
time, 1970-01-01 00:29:00, epoch,       1740.0, elapsed, 00:29:00, vout, 13.6, iout,  8.00, stage, 1
time, 1970-01-01 00:30:00, epoch,       1800.0, elapsed, 00:30:00, vout, 13.6, iout,  8.00, stage, 1
graph, +-------------------------------------------------------------------------------+
graph, |                                                                               |
graph, i  i i  i  i i  i  i i  i  i i  i  i i  i  i i  i  i i  i  i i  i  i i  i  i i  i
graph, |                                                       v  v v  v  v            |
graph, |                                            v  v  v v                          |
graph, |                                       v  v                                    |
graph, |                               v  v v                                          |
graph, |                            v                                                  |
graph, |                       v  v                                                    |
graph, |                    v                                                          |
graph, |                  v                                                            |
graph, |               v                                                               |
graph, |                                                                               |
graph, |            v                                                                  |
graph, |                                                                               |
graph, |          v                                                                    |
graph, |                                                                               |
graph, |       v                                                                       |
graph, |                                                                               |
graph, |                                                                               |
graph, |                                                                               |
graph, |    v                                                                          |
graph, |                                                                               |
graph, |                                                                               |
graph, |                                                                               |
graph, |  v                                                                            |
graph, |                                                                               |
graph, |                                                                               |
graph, |                                                                               |
graph, |                                                                               |
graph, |                                                                               |
graph, |                                                                               |
graph, v-------------------------------------------------------------------------------+
time, 1970-01-01 00:31:00, epoch,       1860.0, elapsed, 00:31:00, vout, 13.7, iout,  8.00, stage, 1
time, 1970-01-01 00:32:00, epoch,       1920.0, elapsed, 00:32:00, vout, 13.7, iout,  8.00, stage, 1
time, 1970-01-01 00:33:00, epoch,       1980.0, elapsed, 00:33:00, vout, 13.8, iout,  8.00, stage, 1
time, 1970-01-01 00:34:00, epoch,       2040.0, elapsed, 00:34:00, vout, 13.8, iout,  8.00, stage, 1
time, 1970-01-01 00:35:00, epoch,       2100.0, elapsed, 00:35:00, vout, 13.9, iout,  8.00, stage, 1
time, 1970-01-01 00:36:00, epoch,       2160.0, elapsed, 00:36:00, vout, 13.9, iout,  8.00, stage, 1
time, 1970-01-01 00:37:00, epoch,       2220.0, elapsed, 00:37:00, vout, 13.9, iout,  8.00, stage, 1
time, 1970-01-01 00:38:00, epoch,       2280.0, elapsed, 00:38:00, vout, 14.0, iout,  8.00, stage, 1
time, 1970-01-01 00:39:00, epoch,       2340.0, elapsed, 00:39:00, vout, 14.0, iout,  8.00, stage, 1
time, 1970-01-01 00:40:00, epoch,       2400.0, elapsed, 00:40:00, vout, 14.0, iout,  8.00, stage, 1
time, 1970-01-01 00:41:00, epoch,       2460.0, elapsed, 00:41:00, vout, 14.1, iout,  8.00, stage, 1
time, 1970-01-01 00:42:00, epoch,       2520.0, elapsed, 00:42:00, vout, 14.1, iout,  8.00, stage, 1
time, 1970-01-01 00:43:00, epoch,       2580.0, elapsed, 00:43:00, vout, 14.1, iout,  8.00, stage, 1
time, 1970-01-01 00:44:00, epoch,       2640.0, elapsed, 00:44:00, vout, 14.1, iout,  8.00, stage, 1
time, 1970-01-01 00:45:00, epoch,       2700.0, elapsed, 00:45:00, vout, 14.2, iout,  8.00, stage, 1
time, 1970-01-01 00:46:00, epoch,       2760.0, elapsed, 00:46:00, vout, 14.2, iout,  8.00, stage, 1
time, 1970-01-01 00:47:00, epoch,       2820.0, elapsed, 00:47:00, vout, 14.2, iout,  8.00, stage, 1
time, 1970-01-01 00:48:00, epoch,       2880.0, elapsed, 00:48:00, vout, 14.2, iout,  8.00, stage, 1
time, 1970-01-01 00:49:00, epoch,       2940.0, elapsed, 00:49:00, vout, 14.3, iout,  8.00, stage, 1
time, 1970-01-01 00:50:00, epoch,       3000.0, elapsed, 00:50:00, vout, 14.3, iout,  8.00, stage, 1
time, 1970-01-01 00:51:00, epoch,       3060.0, elapsed, 00:51:00, vout, 14.3, iout,  8.00, stage, 1
time, 1970-01-01 00:52:00, epoch,       3120.0, elapsed, 00:52:00, vout, 14.3, iout,  8.00, stage, 1
time, 1970-01-01 00:53:00, epoch,       3180.0, elapsed, 00:53:00, vout, 14.3, iout,  8.00, stage, 1
time, 1970-01-01 00:54:00, epoch,       3240.0, elapsed, 00:54:00, vout, 14.4, iout,  8.00, stage, 1
time, 1970-01-01 00:55:00, epoch,       3300.0, elapsed, 00:55:00, vout, 14.4, iout,  8.00, stage, 1
time, 1970-01-01 00:56:00, epoch,       3360.0, elapsed, 00:56:00, vout, 14.4, iout,  8.00, stage, 1
time, 1970-01-01 00:57:00, epoch,       3420.0, elapsed, 00:57:00, vout, 14.4, iout,  8.00, stage, 1
time, 1970-01-01 00:58:00, epoch,       3480.0, elapsed, 00:58:00, vout, 14.4, iout,  8.00, stage, 1
time, 1970-01-01 00:59:00, epoch,       3540.0, elapsed, 00:59:00, vout, 14.4, iout,  8.00, stage, 1
time, 1970-01-01 01:00:00, epoch,       3600.0, elapsed, 01:00:00, vout, 14.4, iout,  8.00, stage, 2
graph, +----------------------------------------------------------------v-vvv-vvv-vvv-vv
graph, |                                              vvv vvv vvv vvv vv               |
graph, ii iii iii iii iii iii iii iii iii iii iii iii iii iii iii iii iii iii iii iii ii
graph, |                           vv vvv                                              |
graph, |                      vvv v                                                    |
graph, |                   vv                                                          |
graph, |               vv v                                                            |
graph, |              v                                                                |
graph, |           vv                                                                  |
graph, |          v                                                                    |
graph, |        v                                                                      |
graph, |       v                                                                       |
graph, |                                                                               |
graph, |      v                                                                        |
graph, |                                                                               |
graph, |    v                                                                          |
graph, |                                                                               |
graph, |   v                                                                           |
graph, |                                                                               |
graph, |                                                                               |
graph, |                                                                               |
graph, |  v                                                                            |
graph, |                                                                               |
graph, |                                                                               |
graph, |                                                                               |
graph, |v                                                                              |
graph, |                                                                               |
graph, |                                                                               |
graph, |                                                                               |
graph, |                                                                               |
graph, |                                                                               |
graph, |                                                                               |
graph, v-------------------------------------------------------------------------------+
time, 1970-01-01 01:01:00, epoch,       3660.0, elapsed, 01:01:00, vout, 14.4, iout,  7.76, stage, 2
time, 1970-01-01 01:02:00, epoch,       3720.0, elapsed, 01:02:00, vout, 14.4, iout,  7.54, stage, 2
time, 1970-01-01 01:03:00, epoch,       3780.0, elapsed, 01:03:00, vout, 14.4, iout,  7.31, stage, 2
time, 1970-01-01 01:04:00, epoch,       3840.0, elapsed, 01:04:00, vout, 14.4, iout,  7.10, stage, 2
time, 1970-01-01 01:05:00, epoch,       3900.0, elapsed, 01:05:00, vout, 14.4, iout,  6.89, stage, 2
time, 1970-01-01 01:06:00, epoch,       3960.0, elapsed, 01:06:00, vout, 14.4, iout,  6.69, stage, 2
time, 1970-01-01 01:07:00, epoch,       4020.0, elapsed, 01:07:00, vout, 14.4, iout,  6.50, stage, 2
time, 1970-01-01 01:08:00, epoch,       4080.0, elapsed, 01:08:00, vout, 14.4, iout,  6.31, stage, 2
time, 1970-01-01 01:09:00, epoch,       4140.0, elapsed, 01:09:00, vout, 14.4, iout,  6.12, stage, 2
time, 1970-01-01 01:10:00, epoch,       4200.0, elapsed, 01:10:00, vout, 14.4, iout,  5.94, stage, 2
time, 1970-01-01 01:11:00, epoch,       4260.0, elapsed, 01:11:00, vout, 14.4, iout,  5.77, stage, 2
time, 1970-01-01 01:12:00, epoch,       4320.0, elapsed, 01:12:00, vout, 14.4, iout,  5.60, stage, 2
time, 1970-01-01 01:13:00, epoch,       4380.0, elapsed, 01:13:00, vout, 14.4, iout,  5.44, stage, 2
time, 1970-01-01 01:14:00, epoch,       4440.0, elapsed, 01:14:00, vout, 14.4, iout,  5.28, stage, 2
time, 1970-01-01 01:15:00, epoch,       4500.0, elapsed, 01:15:00, vout, 14.4, iout,  5.12, stage, 2
time, 1970-01-01 01:16:00, epoch,       4560.0, elapsed, 01:16:00, vout, 14.4, iout,  4.97, stage, 2
time, 1970-01-01 01:17:00, epoch,       4620.0, elapsed, 01:17:00, vout, 14.4, iout,  4.82, stage, 2
time, 1970-01-01 01:18:00, epoch,       4680.0, elapsed, 01:18:00, vout, 14.4, iout,  4.68, stage, 2
time, 1970-01-01 01:19:00, epoch,       4740.0, elapsed, 01:19:00, vout, 14.4, iout,  4.54, stage, 2
time, 1970-01-01 01:20:00, epoch,       4800.0, elapsed, 01:20:00, vout, 14.4, iout,  4.40, stage, 2
time, 1970-01-01 01:21:00, epoch,       4860.0, elapsed, 01:21:00, vout, 14.4, iout,  4.27, stage, 2
time, 1970-01-01 01:22:00, epoch,       4920.0, elapsed, 01:22:00, vout, 14.4, iout,  4.14, stage, 2
time, 1970-01-01 01:23:00, epoch,       4980.0, elapsed, 01:23:00, vout, 14.4, iout,  4.01, stage, 2
time, 1970-01-01 01:24:00, epoch,       5040.0, elapsed, 01:24:00, vout, 14.4, iout,  3.89, stage, 2
time, 1970-01-01 01:25:00, epoch,       5100.0, elapsed, 01:25:00, vout, 14.4, iout,  3.76, stage, 2
time, 1970-01-01 01:26:00, epoch,       5160.0, elapsed, 01:26:00, vout, 14.4, iout,  3.65, stage, 2
time, 1970-01-01 01:27:00, epoch,       5220.0, elapsed, 01:27:00, vout, 14.4, iout,  3.53, stage, 2
time, 1970-01-01 01:28:00, epoch,       5280.0, elapsed, 01:28:00, vout, 14.4, iout,  3.42, stage, 2
time, 1970-01-01 01:29:00, epoch,       5340.0, elapsed, 01:29:00, vout, 14.4, iout,  3.31, stage, 2
time, 1970-01-01 01:30:00, epoch,       5400.0, elapsed, 01:30:00, vout, 14.4, iout,  3.20, stage, 2
graph, +-------------------------------------------vvvvvvvvvvvvvvvvvvvvvvvvvvvvvvvvvvvvv
graph, |                              vvvvvvvvvvvvv                                    |
graph, iiiiiiiiiiiiiiiiiiiiiiiiiiiiiiiiiiiiiiiiiiiiiiiiiiiiii                          |
graph, |                  vvvv                               i                         |
graph, |              vvvv                                    ii                       |
graph, |            vv                                          i                      |
graph, |          vv                                             i                     |
graph, |         v                                                i                    |
graph, |       vv                                                  i                   |
graph, |      v                                                     i                  |
graph, |     v                                                       ii                |
graph, |    v                                                          i               |
graph, |                                                                ii             |
graph, |   v                                                              ii           |
graph, |                                                                   ii          |
graph, |   v                                                                 ii        |
graph, |                                                                       ii      |
graph, |  v                                                                      ii    |
graph, |                                                                           i   |
graph, |                                                                            ii |
graph, |                                                                              ii
graph, | v                                                                             |
graph, |                                                                               |
graph, |                                                                               |
graph, |                                                                               |
graph, |v                                                                              |
graph, |                                                                               |
graph, |                                                                               |
graph, |                                                                               |
graph, |                                                                               |
graph, |                                                                               |
graph, |                                                                               |
graph, v-------------------------------------------------------------------------------+
time, 1970-01-01 01:31:00, epoch,       5460.0, elapsed, 01:31:00, vout, 14.4, iout,  3.09, stage, 2
time, 1970-01-01 01:32:00, epoch,       5520.0, elapsed, 01:32:00, vout, 14.4, iout,  2.99, stage, 2
time, 1970-01-01 01:33:00, epoch,       5580.0, elapsed, 01:33:00, vout, 14.4, iout,  2.89, stage, 2
time, 1970-01-01 01:34:00, epoch,       5640.0, elapsed, 01:34:00, vout, 14.4, iout,  2.79, stage, 2
time, 1970-01-01 01:35:00, epoch,       5700.0, elapsed, 01:35:00, vout, 14.4, iout,  2.69, stage, 2
time, 1970-01-01 01:36:00, epoch,       5760.0, elapsed, 01:36:00, vout, 14.4, iout,  2.60, stage, 2
time, 1970-01-01 01:37:00, epoch,       5820.0, elapsed, 01:37:00, vout, 14.4, iout,  2.51, stage, 2
time, 1970-01-01 01:38:00, epoch,       5880.0, elapsed, 01:38:00, vout, 14.4, iout,  2.42, stage, 2
time, 1970-01-01 01:39:00, epoch,       5940.0, elapsed, 01:39:00, vout, 14.4, iout,  2.33, stage, 2
time, 1970-01-01 01:40:00, epoch,       6000.0, elapsed, 01:40:00, vout, 14.4, iout,  2.24, stage, 2
time, 1970-01-01 01:41:00, epoch,       6060.0, elapsed, 01:41:00, vout, 14.4, iout,  2.15, stage, 2
time, 1970-01-01 01:42:00, epoch,       6120.0, elapsed, 01:42:00, vout, 14.4, iout,  2.07, stage, 2
time, 1970-01-01 01:43:00, epoch,       6180.0, elapsed, 01:43:00, vout, 14.4, iout,  1.99, stage, 2
time, 1970-01-01 01:44:00, epoch,       6240.0, elapsed, 01:44:00, vout, 14.4, iout,  1.91, stage, 2
time, 1970-01-01 01:45:00, epoch,       6300.0, elapsed, 01:45:00, vout, 14.4, iout,  1.83, stage, 2
time, 1970-01-01 01:46:00, epoch,       6360.0, elapsed, 01:46:00, vout, 14.4, iout,  1.75, stage, 2
time, 1970-01-01 01:47:00, epoch,       6420.0, elapsed, 01:47:00, vout, 14.4, iout,  1.67, stage, 2
time, 1970-01-01 01:48:00, epoch,       6480.0, elapsed, 01:48:00, vout, 14.4, iout,  1.60, stage, 2
time, 1970-01-01 01:49:00, epoch,       6540.0, elapsed, 01:49:00, vout, 14.4, iout,  1.53, stage, 2
time, 1970-01-01 01:50:00, epoch,       6600.0, elapsed, 01:50:00, vout, 14.4, iout,  1.45, stage, 2
time, 1970-01-01 01:51:00, epoch,       6660.0, elapsed, 01:51:00, vout, 14.4, iout,  1.38, stage, 2
time, 1970-01-01 01:52:00, epoch,       6720.0, elapsed, 01:52:00, vout, 14.4, iout,  1.31, stage, 2
time, 1970-01-01 01:53:00, epoch,       6780.0, elapsed, 01:53:00, vout, 14.4, iout,  1.25, stage, 2
time, 1970-01-01 01:54:00, epoch,       6840.0, elapsed, 01:54:00, vout, 14.4, iout,  1.18, stage, 2
time, 1970-01-01 01:55:00, epoch,       6900.0, elapsed, 01:55:00, vout, 14.4, iout,  1.11, stage, 2
time, 1970-01-01 01:56:00, epoch,       6960.0, elapsed, 01:56:00, vout, 14.4, iout,  1.05, stage, 2
time, 1970-01-01 01:57:00, epoch,       7020.0, elapsed, 01:57:00, vout, 14.4, iout,  0.98, stage, 2
time, 1970-01-01 01:58:00, epoch,       7080.0, elapsed, 01:58:00, vout, 14.4, iout,  0.92, stage, 2
time, 1970-01-01 01:59:00, epoch,       7140.0, elapsed, 01:59:00, vout, 14.4, iout,  0.86, stage, 2
time, 1970-01-01 02:00:00, epoch,       7200.0, elapsed, 02:00:00, vout, 13.8, iout,  0.78, stage, 3
graph, +--------------------------------vvvvvvvvvvvvvvvvvvvvvvvvvvvvvvvvvvvvvvvvvvvvvvv+
graph, |                      vvvvvvvvvv                                               |
graph, iiiiiiiiiiiiiiiiiiiiiiiiiiiiiiiiiiiiiiiii                                       v
graph, |             vvvv                       i                                      |
graph, |          vvv                           ii                                     |
graph, |         vv                               i                                    |
graph, |       vv                                 i                                    |
graph, |      v                                    i                                   |
graph, |     vv                                     i                                  |
graph, |    v                                        i                                 |
graph, |    v                                         i                                |
graph, |   v                                           i                               |
graph, |                                                i                              |
graph, |  v                                              ii                            |
graph, |                                                  ii                           |
graph, |  v                                                 i                          |
graph, |                                                     ii                        |
graph, | v                                                    ii                       |
graph, |                                                        i                      |
graph, |                                                         ii                    |
graph, |                                                          iii                  |
graph, |v                                                           iii                |
graph, |                                                              ii               |
graph, |                                                                ii             |
graph, |                                                                  ii           |
graph, |v                                                                   iii        |
graph, |                                                                      iii      |
graph, |                                                                        iii    |
graph, |                                                                           iii |
graph, |                                                                              ii
graph, |                                                                               |
graph, |                                                                               |
graph, v-------------------------------------------------------------------------------+
time, 1970-01-01 02:01:00, epoch,       7260.0, elapsed, 02:01:00, vout, 13.8, iout,  0.72, stage, 3
time, 1970-01-01 02:02:00, epoch,       7320.0, elapsed, 02:02:00, vout, 13.8, iout,  0.67, stage, 3
time, 1970-01-01 02:03:00, epoch,       7380.0, elapsed, 02:03:00, vout, 13.8, iout,  0.61, stage, 3
time, 1970-01-01 02:04:00, epoch,       7440.0, elapsed, 02:04:00, vout, 13.8, iout,  0.55, stage, 3
time, 1970-01-01 02:05:00, epoch,       7500.0, elapsed, 02:05:00, vout, 13.8, iout,  0.50, stage, 3
time, 1970-01-01 02:06:00, epoch,       7560.0, elapsed, 02:06:00, vout, 13.8, iout,  0.45, stage, 3
time, 1970-01-01 02:07:00, epoch,       7620.0, elapsed, 02:07:00, vout, 13.8, iout,  0.39, stage, 3
time, 1970-01-01 02:08:00, epoch,       7680.0, elapsed, 02:08:00, vout, 13.8, iout,  0.34, stage, 3
time, 1970-01-01 02:09:00, epoch,       7740.0, elapsed, 02:09:00, vout, 13.8, iout,  0.29, stage, 3
time, 1970-01-01 02:10:00, epoch,       7800.0, elapsed, 02:10:00, vout, 13.8, iout,  0.24, stage, 3
time, 1970-01-01 02:11:00, epoch,       7860.0, elapsed, 02:11:00, vout, 13.8, iout,  0.19, stage, 3
time, 1970-01-01 02:12:00, epoch,       7920.0, elapsed, 02:12:00, vout, 13.8, iout,  0.14, stage, 3
time, 1970-01-01 02:13:00, epoch,       7980.0, elapsed, 02:13:00, vout, 13.8, iout,  0.09, stage, 3
time, 1970-01-01 02:14:00, epoch,       8040.0, elapsed, 02:14:00, vout, 13.8, iout,  0.04, stage, 3
time, 1970-01-01 02:15:00, epoch,       8100.0, elapsed, 02:15:00, vout, 13.8, iout,  0.02, stage, 3
time, 1970-01-01 02:16:00, epoch,       8160.0, elapsed, 02:16:00, vout, 13.8, iout,  0.02, stage, 3
time, 1970-01-01 02:17:00, epoch,       8220.0, elapsed, 02:17:00, vout, 13.8, iout,  0.02, stage, 3
time, 1970-01-01 02:18:00, epoch,       8280.0, elapsed, 02:18:00, vout, 13.8, iout,  0.02, stage, 3
time, 1970-01-01 02:19:00, epoch,       8340.0, elapsed, 02:19:00, vout, 13.8, iout,  0.02, stage, 3
time, 1970-01-01 02:20:00, epoch,       8400.0, elapsed, 02:20:00, vout, 13.8, iout,  0.02, stage, 3
time, 1970-01-01 02:21:00, epoch,       8460.0, elapsed, 02:21:00, vout, 13.8, iout,  0.02, stage, 3
time, 1970-01-01 02:22:00, epoch,       8520.0, elapsed, 02:22:00, vout, 13.8, iout,  0.02, stage, 3
time, 1970-01-01 02:23:00, epoch,       8580.0, elapsed, 02:23:00, vout, 13.8, iout,  0.02, stage, 3
time, 1970-01-01 02:24:00, epoch,       8640.0, elapsed, 02:24:00, vout, 13.8, iout,  0.02, stage, 3
time, 1970-01-01 02:25:00, epoch,       8700.0, elapsed, 02:25:00, vout, 13.8, iout,  0.02, stage, 3
time, 1970-01-01 02:26:00, epoch,       8760.0, elapsed, 02:26:00, vout, 13.8, iout,  0.02, stage, 3
time, 1970-01-01 02:27:00, epoch,       8820.0, elapsed, 02:27:00, vout, 13.8, iout,  0.02, stage, 3
time, 1970-01-01 02:28:00, epoch,       8880.0, elapsed, 02:28:00, vout, 13.8, iout,  0.02, stage, 3
time, 1970-01-01 02:29:00, epoch,       8940.0, elapsed, 02:29:00, vout, 13.8, iout,  0.02, stage, 3
time, 1970-01-01 02:30:00, epoch,       9000.0, elapsed, 02:30:00, vout, 13.8, iout,  0.02, stage, 3
graph, +-------------------------vvvvvvvvvvvvvvvvvvvvvvvvvvvvvvvvvvvvvv----------------+
graph, |                  vvvvvvvv                                                     |
graph, iiiiiiiiiiiiiiiiiiiiiiiiiiiiiiiii                               vvvvvvvvvvvvvvvvv
graph, |          vvv                   i                                              |
graph, |        vvv                     ii                                             |
graph, |       vv                        i                                             |
graph, |     vv                           i                                            |
graph, |     v                            i                                            |
graph, |    v                              i                                           |
graph, |   v                                i                                          |
graph, |   v                                ii                                         |
graph, |  v                                  i                                         |
graph, |                                      i                                        |
graph, |  v                                    ii                                      |
graph, |                                        ii                                     |
graph, | v                                       ii                                    |
graph, |                                          ii                                   |
graph, | v                                         ii                                  |
graph, |                                            ii                                 |
graph, |                                             ii                                |
graph, |                                              iii                              |
graph, |v                                               ii                             |
graph, |                                                  i                            |
graph, |                                                   ii                          |
graph, |                                                    ii                         |
graph, |v                                                     iii                      |
graph, |                                                        ii                     |
graph, |                                                          ii                   |
graph, |                                                            ii                 |
graph, |                                                              iii              |
graph, |                                                                 ii            |
graph, |                                                                   iii         |
graph, v----------------------------------------------------------------------iiiiiiiiii
time, 1970-01-01 02:31:00, epoch,       9060.0, elapsed, 02:31:00, vout, 13.8, iout,  0.02, stage, 3
time, 1970-01-01 02:32:00, epoch,       9120.0, elapsed, 02:32:00, vout, 13.8, iout,  0.02, stage, 3
time, 1970-01-01 02:33:00, epoch,       9180.0, elapsed, 02:33:00, vout, 13.8, iout,  0.02, stage, 3
time, 1970-01-01 02:34:00, epoch,       9240.0, elapsed, 02:34:00, vout, 13.8, iout,  0.02, stage, 3
time, 1970-01-01 02:35:00, epoch,       9300.0, elapsed, 02:35:00, vout, 13.8, iout,  0.02, stage, 3
time, 1970-01-01 02:36:00, epoch,       9360.0, elapsed, 02:36:00, vout, 13.8, iout,  0.02, stage, 3
time, 1970-01-01 02:37:00, epoch,       9420.0, elapsed, 02:37:00, vout, 13.8, iout,  0.02, stage, 3
time, 1970-01-01 02:38:00, epoch,       9480.0, elapsed, 02:38:00, vout, 13.8, iout,  0.02, stage, 3
time, 1970-01-01 02:39:00, epoch,       9540.0, elapsed, 02:39:00, vout, 13.8, iout,  0.02, stage, 3
time, 1970-01-01 02:40:00, epoch,       9600.0, elapsed, 02:40:00, vout, 13.8, iout,  0.02, stage, 3
time, 1970-01-01 02:41:00, epoch,       9660.0, elapsed, 02:41:00, vout, 13.8, iout,  0.02, stage, 3
time, 1970-01-01 02:42:00, epoch,       9720.0, elapsed, 02:42:00, vout, 13.8, iout,  0.02, stage, 3
time, 1970-01-01 02:43:00, epoch,       9780.0, elapsed, 02:43:00, vout, 13.8, iout,  0.02, stage, 3
time, 1970-01-01 02:44:00, epoch,       9840.0, elapsed, 02:44:00, vout, 13.8, iout,  0.02, stage, 3
time, 1970-01-01 02:45:00, epoch,       9900.0, elapsed, 02:45:00, vout, 13.8, iout,  0.02, stage, 3
time, 1970-01-01 02:46:00, epoch,       9960.0, elapsed, 02:46:00, vout, 13.8, iout,  0.02, stage, 3
time, 1970-01-01 02:47:00, epoch,      10020.0, elapsed, 02:47:00, vout, 13.8, iout,  0.02, stage, 3
time, 1970-01-01 02:48:00, epoch,      10080.0, elapsed, 02:48:00, vout, 13.8, iout,  0.02, stage, 3
time, 1970-01-01 02:49:00, epoch,      10140.0, elapsed, 02:49:00, vout, 13.8, iout,  0.02, stage, 3
time, 1970-01-01 02:50:00, epoch,      10200.0, elapsed, 02:50:00, vout, 13.8, iout,  0.02, stage, 3
time, 1970-01-01 02:51:00, epoch,      10260.0, elapsed, 02:51:00, vout, 13.8, iout,  0.02, stage, 3
time, 1970-01-01 02:52:00, epoch,      10320.0, elapsed, 02:52:00, vout, 13.8, iout,  0.02, stage, 3
time, 1970-01-01 02:53:00, epoch,      10380.0, elapsed, 02:53:00, vout, 13.8, iout,  0.02, stage, 3
time, 1970-01-01 02:54:00, epoch,      10440.0, elapsed, 02:54:00, vout, 13.8, iout,  0.02, stage, 3
time, 1970-01-01 02:55:00, epoch,      10500.0, elapsed, 02:55:00, vout, 13.8, iout,  0.02, stage, 3
time, 1970-01-01 02:56:00, epoch,      10560.0, elapsed, 02:56:00, vout, 13.8, iout,  0.02, stage, 3
time, 1970-01-01 02:57:00, epoch,      10620.0, elapsed, 02:57:00, vout, 13.8, iout,  0.02, stage, 3
time, 1970-01-01 02:58:00, epoch,      10680.0, elapsed, 02:58:00, vout, 13.8, iout,  0.02, stage, 3
time, 1970-01-01 02:59:00, epoch,      10740.0, elapsed, 02:59:00, vout, 13.8, iout,  0.02, stage, 3
time, 1970-01-01 03:00:00, epoch,      10800.0, elapsed, 03:00:00, vout, 13.8, iout,  0.02, stage, 3
graph, +---------------------vvvvvvvvvvvvvvvvvvvvvvvvvvvvvvvv--------------------------+
graph, |               vvvvvv                                                          |
graph, iiiiiiiiiiiiiiiiiiiiiiiiiiii                         vvvvvvvvvvvvvvvvvvvvvvvvvvvv
graph, |        vvv               i                                                    |
graph, |       vv                  i                                                   |
graph, |      v                    i                                                   |
graph, |    vv                      i                                                  |
graph, |    v                       i                                                  |
graph, |   v                         i                                                 |
graph, |   v                          i                                                |
graph, |  v                           ii                                               |
graph, |  v                            i                                               |
graph, |                               ii                                              |
graph, | v                              ii                                             |
graph, |                                 ii                                            |
graph, | v                                ii                                           |
graph, |                                   i                                           |
graph, |v                                   i                                          |
graph, |                                     i                                         |
graph, |                                      i                                        |
graph, |                                       i                                       |
graph, |v                                       ii                                     |
graph, |                                         ii                                    |
graph, |                                          ii                                   |
graph, |                                           ii                                  |
graph, v                                             ii                                |
graph, |                                               i                               |
graph, |                                                ii                             |
graph, |                                                  ii                           |
graph, |                                                   iii                         |
graph, |                                                      ii                       |
graph, |                                                       iiii                    |
graph, v----------------------------------------------------------iiiiiiiiiiiiiiiiiiiiii
